<?xml version="1.0" encoding="UTF-8"?>
<testng-results skipped="0" failed="0" ignored="0" total="1" passed="1">
  <reporter-output>
  </reporter-output>
  <suite name="Default suite" duration-ms="140" started-at="2021-01-15T23:53:17 IST" finished-at="2021-01-15T23:53:17 IST">
    <groups>
    </groups>
    <test name="Default test" duration-ms="140" started-at="2021-01-15T23:53:17 IST" finished-at="2021-01-15T23:53:17 IST">
      <class name="com.LearningMaven.MavenPartTest">
        <test-method status="PASS" signature="print()[pri:0, instance:com.LearningMaven.MavenPartTest@25af5db5]" name="print" duration-ms="23" started-at="2021-01-15T23:53:17 IST" finished-at="2021-01-15T23:53:17 IST">
          <reporter-output>
          </reporter-output>
        </test-method> <!-- print -->
      </class> <!-- com.LearningMaven.MavenPartTest -->
    </test> <!-- Default test -->
  </suite> <!-- Default suite -->
</testng-results>
